<?xml version="1.0" encoding="UTF-8"?>
<testsuite xmlns:xsi="http://www.w3.org/2001/XMLSchema-instance" xsi:noNamespaceSchemaLocation="https://maven.apache.org/surefire/maven-surefire-plugin/xsd/surefire-test-report.xsd" version="3.0.2" name="tech.zeta.java.junit.RectangleTest" time="0.047" tests="10" errors="0" skipped="1" failures="0">
  <properties>
[...]
</properties>
  <testcase name="calculateArea_exceptionInput(double, double)[1]" classname="tech.zeta.java.junit.RectangleTest" time="0.015"/>
  <testcase name="calculateArea_exceptionInput(double, double)[1]" classname="tech.zeta.java.junit.RectangleTest" time="0.001"/>
  <testcase name="calculateArea_exceptionInput(double, double)[2]" classname="tech.zeta.java.junit.RectangleTest" time="0.002"/>
  <testcase name="calculateArea_exceptionInput(double, double)[2]" classname="tech.zeta.java.junit.RectangleTest" time="0.015"/>
  <testcase name="calculateArea_exceptionInput(double, double)[3]" classname="tech.zeta.java.junit.RectangleTest" time="0.001"/>
  <testcase name="calculateArea_exceptionInput(double, double)[3]" classname="tech.zeta.java.junit.RectangleTest" time="0.002"/>
  <testcase name="calculateArea_invalidInput(double, double, double)[1]" classname="tech.zeta.java.junit.RectangleTest" time="0.003"/>
  <testcase name="calculateArea_invalidInput(double, double, double)[1]" classname="tech.zeta.java.junit.RectangleTest" time="0.001"/>
  <testcase name="calculateArea_invalidInput(double, double, double)[2]" classname="tech.zeta.java.junit.RectangleTest" time="0.001"/>
  <testcase name="calculateArea_invalidInput(double, double, double)[2]" classname="tech.zeta.java.junit.RectangleTest" time="0.001"/>
  <testcase name="calculateArea_invalidInput(double, double, double)[3]" classname="tech.zeta.java.junit.RectangleTest" time="0.001"/>
  <testcase name="calculateArea_invalidInput(double, double, double)[3]" classname="tech.zeta.java.junit.RectangleTest" time="0.002"/>
  <testcase name="someTest" classname="tech.zeta.java.junit.RectangleTest" time="0.0">
    <skipped message="This test method needs further implementation"/>
  </testcase>
  <testcase name="someTest" classname="tech.zeta.java.junit.RectangleTest" time="0.0">
    <skipped message="This test method needs further implementation"/>
  </testcase>
  <testcase name="calculateArea_validInput(double, double, double)[1]" classname="tech.zeta.java.junit.RectangleTest" time="0.001"/>
  <testcase name="calculateArea_validInput(double, double, double)[1]" classname="tech.zeta.java.junit.RectangleTest" time="0.001"/>
  <testcase name="calculateArea_validInput(double, double, double)[2]" classname="tech.zeta.java.junit.RectangleTest" time="0.002"/>
  <testcase name="calculateArea_validInput(double, double, double)[2]" classname="tech.zeta.java.junit.RectangleTest" time="0.002"/>
  <testcase name="calculateArea_validInput(double, double, double)[3]" classname="tech.zeta.java.junit.RectangleTest" time="0.001"/>
  <testcase name="calculateArea_validInput(double, double, double)[3]" classname="tech.zeta.java.junit.RectangleTest" time="0.001"/>
</testsuite>